2019-06-27 21:03:06 INFO  TestBase:32 - Initiate Browser
2019-06-27 21:04:32 INFO  TestBase:32 - Initiate Browser
2019-06-27 21:05:46 INFO  TestBase:32 - Initiate Browser
2019-06-27 21:05:56 INFO  TestBase:38 - Browser Initiated
2019-06-27 21:05:56 INFO  TestBase:49 - Test name: testGenderlInformation
2019-06-27 21:05:56 INFO  TestBase:68 - Executed test case name:testGenderlInformation Execution Results : [TestResult name=testGenderlInformation status=SUCCESS method=Tests.testGenderlInformation()[pri:0, instance:tests.Tests@79be0360] output={null}]
2019-06-27 21:05:56 INFO  TestBase:59 - Closing Browser
2019-06-27 21:05:56 INFO  TestBase:61 - Browser Closed
2019-06-27 21:06:05 INFO  TestBase:32 - Initiate Browser
2019-06-27 21:06:15 INFO  TestBase:38 - Browser Initiated
2019-06-27 21:06:15 INFO  TestBase:49 - Test name: testGenderlInformation
2019-06-27 21:06:15 INFO  TestBase:68 - Executed test case name:testGenderlInformation Execution Results : [TestResult name=testGenderlInformation status=SUCCESS method=Tests.testGenderlInformation()[pri:0, instance:tests.Tests@cd2dae5] output={null}]
2019-06-27 21:06:15 INFO  TestBase:59 - Closing Browser
2019-06-27 21:06:15 INFO  TestBase:61 - Browser Closed
2019-07-29 16:49:28 INFO  TestBase:32 - Initiate Browser
2019-07-29 16:49:37 INFO  TestBase:38 - Browser Initiated
2019-07-29 16:49:37 INFO  TestBase:49 - Test name: testGenderlInformation
2019-07-29 16:49:37 INFO  TestBase:68 - Executed test case name:testGenderlInformation Execution Results : [TestResult name=testGenderlInformation status=SUCCESS method=Tests.testGenderlInformation()[pri:0, instance:tests.Tests@63e2203c] output={null}]
2019-07-29 16:49:37 INFO  TestBase:59 - Closing Browser
2019-07-29 16:49:38 INFO  TestBase:61 - Browser Closed
2019-07-29 16:53:11 INFO  TestBase:32 - Initiate Browser
2019-07-29 16:53:17 INFO  TestBase:38 - Browser Initiated
2019-07-29 16:53:17 INFO  TestBase:49 - Test name: testGenderlInformation
2019-07-29 16:53:18 INFO  TestBase:68 - Executed test case name:testGenderlInformation Execution Results : [TestResult name=testGenderlInformation status=SUCCESS method=Tests.testGenderlInformation()[pri:0, instance:tests.Tests@63e2203c] output={null}]
2019-07-29 16:53:18 INFO  TestBase:59 - Closing Browser
2019-07-29 16:53:18 INFO  TestBase:61 - Browser Closed
2019-07-29 17:10:35 INFO  TestBase:32 - Initiate Browser
2019-07-29 17:10:43 INFO  TestBase:38 - Browser Initiated
2019-07-29 17:10:43 INFO  TestBase:49 - Test name: testGenderlInformation
2019-07-29 17:10:43 INFO  TestBase:68 - Executed test case name:testGenderlInformation Execution Results : [TestResult name=testGenderlInformation status=SUCCESS method=Tests.testGenderlInformation()[pri:0, instance:tests.Tests@63e2203c] output={null}]
2019-07-29 17:10:43 INFO  TestBase:59 - Closing Browser
2019-07-29 17:10:43 INFO  TestBase:61 - Browser Closed
2019-07-29 17:12:57 INFO  TestBase:32 - Initiate Browser
2019-07-29 17:13:04 INFO  TestBase:38 - Browser Initiated
2019-07-29 17:13:04 INFO  TestBase:49 - Test name: testGenderlInformation
2019-07-29 17:13:04 INFO  TestBase:68 - Executed test case name:testGenderlInformation Execution Results : [TestResult name=testGenderlInformation status=SUCCESS method=Tests.testGenderlInformation()[pri:0, instance:tests.Tests@63e2203c] output={null}]
2019-07-29 17:13:04 INFO  TestBase:59 - Closing Browser
2019-07-29 17:13:05 INFO  TestBase:61 - Browser Closed
2019-07-29 17:14:06 INFO  TestBase:32 - Initiate Browser
2019-07-29 17:14:13 INFO  TestBase:38 - Browser Initiated
2019-07-29 17:14:13 INFO  TestBase:49 - Test name: testGenderlInformation
2019-07-29 17:14:13 INFO  TestBase:68 - Executed test case name:testGenderlInformation Execution Results : [TestResult name=testGenderlInformation status=SUCCESS method=Tests.testGenderlInformation()[pri:0, instance:tests.Tests@63e2203c] output={null}]
2019-07-29 17:14:13 INFO  TestBase:59 - Closing Browser
2019-07-29 17:14:14 INFO  TestBase:61 - Browser Closed
2019-07-29 17:18:43 INFO  TestBase:32 - Initiate Browser
2019-07-29 17:18:50 INFO  TestBase:38 - Browser Initiated
2019-07-29 17:18:50 INFO  TestBase:49 - Test name: testGenderlInformation
2019-07-29 17:18:50 INFO  TestBase:68 - Executed test case name:testGenderlInformation Execution Results : [TestResult name=testGenderlInformation status=SUCCESS method=Tests.testGenderlInformation()[pri:0, instance:tests.Tests@63e2203c] output={null}]
2019-07-29 17:18:50 INFO  TestBase:59 - Closing Browser
2019-07-29 17:18:51 INFO  TestBase:61 - Browser Closed
2019-07-29 22:36:11 INFO  TestBase:32 - Initiate Browser
2019-07-29 22:36:23 INFO  TestBase:38 - Browser Initiated
2019-07-29 22:36:23 INFO  TestBase:49 - Test name: testGenderlInformation
2019-07-29 22:36:25 INFO  TestBase:68 - Executed test case name:testGenderlInformation Execution Results : [TestResult name=testGenderlInformation status=SUCCESS method=Tests.testGenderlInformation()[pri:0, instance:tests.Tests@2c1b194a] output={null}]
2019-07-29 22:36:25 INFO  TestBase:59 - Closing Browser
2019-07-29 22:36:26 INFO  TestBase:61 - Browser Closed
2019-07-29 22:37:28 INFO  TestBase:32 - Initiate Browser
2019-07-29 22:37:40 INFO  TestBase:38 - Browser Initiated
2019-07-29 22:37:40 INFO  TestBase:49 - Test name: testGenderlInformation
2019-07-29 22:37:48 INFO  TestBase:68 - Executed test case name:testGenderlInformation Execution Results : [TestResult name=testGenderlInformation status=SUCCESS method=Tests.testGenderlInformation()[pri:0, instance:tests.Tests@3d99d22e] output={null}]
2019-07-29 22:37:48 INFO  TestBase:59 - Closing Browser
2019-07-29 22:37:49 INFO  TestBase:61 - Browser Closed
2019-07-29 22:42:48 INFO  TestBase:32 - Initiate Browser
2019-07-29 22:42:59 INFO  TestBase:38 - Browser Initiated
2019-07-29 22:42:59 INFO  TestBase:49 - Test name: testGenderlInformation
2019-07-29 22:43:06 INFO  TestBase:68 - Executed test case name:testGenderlInformation Execution Results : [TestResult name=testGenderlInformation status=SUCCESS method=Tests.testGenderlInformation()[pri:0, instance:tests.Tests@3d99d22e] output={null}]
2019-07-29 22:43:06 INFO  TestBase:59 - Closing Browser
2019-07-29 22:43:07 INFO  TestBase:61 - Browser Closed
2019-07-29 22:44:28 INFO  TestBase:32 - Initiate Browser
2019-07-29 22:44:39 INFO  TestBase:38 - Browser Initiated
2019-07-29 22:44:39 INFO  TestBase:49 - Test name: testGenderlInformation
2019-07-29 22:44:46 INFO  TestBase:68 - Executed test case name:testGenderlInformation Execution Results : [TestResult name=testGenderlInformation status=SUCCESS method=Tests.testGenderlInformation()[pri:0, instance:tests.Tests@3d99d22e] output={null}]
2019-07-29 22:44:46 INFO  TestBase:59 - Closing Browser
2019-07-29 22:44:47 INFO  TestBase:61 - Browser Closed
2019-07-30 08:49:42 INFO  TestBase:32 - Initiate Browser
2019-07-30 08:49:52 INFO  TestBase:38 - Browser Initiated
2019-07-30 08:49:52 INFO  TestBase:49 - Test name: testGenderlInformation
2019-07-30 08:49:55 INFO  TestBase:68 - Executed test case name:testGenderlInformation Execution Results : [TestResult name=testGenderlInformation status=SUCCESS method=Tests.testGenderlInformation()[pri:0, instance:tests.Tests@57855c9a] output={null}]
2019-07-30 08:49:55 INFO  TestBase:59 - Closing Browser
2019-07-30 08:49:55 INFO  TestBase:61 - Browser Closed
2019-07-30 10:05:09 INFO  TestBase:32 - Initiate Browser
2019-07-30 10:05:18 INFO  TestBase:38 - Browser Initiated
2019-07-30 10:05:18 INFO  TestBase:49 - Test name: testGenderlInformation
2019-07-30 10:05:18 INFO  TestBase:70 - Executed test case name:testGenderlInformation Execution Results : [TestResult name=testGenderlInformation status=SUCCESS method=Tests.testGenderlInformation()[pri:0, instance:tests.Tests@72b6cbcc] output={null}]
2019-07-30 10:05:18 INFO  TestBase:59 - Closing Browser
2019-07-30 10:05:19 INFO  TestBase:61 - Browser Closed
2019-07-30 10:08:30 INFO  TestBase:32 - Initiate Browser
2019-07-30 10:08:38 INFO  TestBase:38 - Browser Initiated
2019-07-30 10:08:38 INFO  TestBase:49 - Test name: testGenderlInformation
2019-07-30 10:08:38 INFO  TestBase:70 - Executed test case name:testGenderlInformation Execution Results : [TestResult name=testGenderlInformation status=SUCCESS method=Tests.testGenderlInformation()[pri:0, instance:tests.Tests@72b6cbcc] output={null}]
2019-07-30 10:08:38 INFO  TestBase:59 - Closing Browser
2019-07-30 10:08:39 INFO  TestBase:61 - Browser Closed
2019-07-30 10:08:43 INFO  TestBase:63 - Email successfully Send
2019-07-30 20:44:32 INFO  TestBase:32 - Initiate Browser
2019-07-30 20:44:44 INFO  TestBase:38 - Browser Initiated
2019-07-30 20:44:44 INFO  TestBase:49 - Test name: testGenderlInformation
2019-07-30 20:44:45 INFO  TestBase:70 - Executed test case name:testGenderlInformation Execution Results : [TestResult name=testGenderlInformation status=FAILURE method=Tests.testGenderlInformation()[pri:0, instance:tests.Tests@cd2dae5] output={null}]
2019-07-30 20:48:53 INFO  TestBase:32 - Initiate Browser
2019-07-30 20:49:03 INFO  TestBase:38 - Browser Initiated
2019-07-30 20:49:03 INFO  TestBase:49 - Test name: testGenderlInformation
2019-07-30 20:49:03 INFO  TestBase:70 - Executed test case name:testGenderlInformation Execution Results : [TestResult name=testGenderlInformation status=SUCCESS method=Tests.testGenderlInformation()[pri:0, instance:tests.Tests@cd2dae5] output={null}]
2019-07-30 20:49:03 INFO  TestBase:59 - Closing Browser
2019-07-30 20:49:04 INFO  TestBase:61 - Browser Closed
2019-07-30 20:54:46 INFO  TestBase:32 - Initiate Browser
2019-07-30 20:54:56 INFO  TestBase:38 - Browser Initiated
2019-07-30 20:54:56 INFO  TestBase:49 - Test name: testGenderlInformation
2019-07-30 20:54:58 INFO  TestBase:70 - Executed test case name:testGenderlInformation Execution Results : [TestResult name=testGenderlInformation status=SUCCESS method=Tests.testGenderlInformation()[pri:0, instance:tests.Tests@cd2dae5] output={null}]
2019-07-30 20:54:58 INFO  TestBase:59 - Closing Browser
2019-07-30 20:54:59 INFO  TestBase:61 - Browser Closed
2019-07-30 20:57:39 INFO  TestBase:32 - Initiate Browser
2019-07-30 20:57:50 INFO  TestBase:38 - Browser Initiated
2019-07-30 20:57:50 INFO  TestBase:49 - Test name: testGenderlInformation
2019-07-30 20:57:51 INFO  TestBase:70 - Executed test case name:testGenderlInformation Execution Results : [TestResult name=testGenderlInformation status=SUCCESS method=Tests.testGenderlInformation()[pri:0, instance:tests.Tests@cd2dae5] output={null}]
2019-07-30 20:57:51 INFO  TestBase:59 - Closing Browser
2019-07-30 20:57:52 INFO  TestBase:61 - Browser Closed
2019-07-30 20:59:14 INFO  TestBase:32 - Initiate Browser
2019-07-30 20:59:23 INFO  TestBase:38 - Browser Initiated
2019-07-30 20:59:23 INFO  TestBase:49 - Test name: testGenderlInformation
2019-07-30 20:59:25 INFO  TestBase:70 - Executed test case name:testGenderlInformation Execution Results : [TestResult name=testGenderlInformation status=SUCCESS method=Tests.testGenderlInformation()[pri:0, instance:tests.Tests@cd2dae5] output={null}]
2019-07-30 20:59:25 INFO  TestBase:59 - Closing Browser
2019-07-30 20:59:26 INFO  TestBase:61 - Browser Closed
2019-07-30 21:46:17 INFO  TestBase:32 - Initiate Browser
2019-07-30 21:47:16 INFO  TestBase:32 - Initiate Browser
2019-07-30 21:47:27 INFO  TestBase:38 - Browser Initiated
2019-07-30 21:47:27 INFO  TestBase:49 - Test name: testGenderlInformation
2019-07-30 21:47:28 INFO  TestBase:70 - Executed test case name:testGenderlInformation Execution Results : [TestResult name=testGenderlInformation status=SUCCESS method=Tests.testGenderlInformation()[pri:0, instance:tests.Tests@cd2dae5] output={null}]
2019-07-30 21:47:28 INFO  TestBase:59 - Closing Browser
2019-07-30 21:47:29 INFO  TestBase:61 - Browser Closed
2019-07-30 21:49:02 INFO  TestBase:32 - Initiate Browser
2019-07-30 21:53:03 INFO  TestBase:32 - Initiate Browser
2019-07-30 21:53:59 INFO  TestBase:32 - Initiate Browser
2019-07-30 21:54:17 INFO  TestBase:38 - Browser Initiated
2019-07-30 21:54:17 INFO  TestBase:49 - Test name: testGenderlInformation
2019-07-30 21:54:18 INFO  TestBase:70 - Executed test case name:testGenderlInformation Execution Results : [TestResult name=testGenderlInformation status=SUCCESS method=Tests.testGenderlInformation()[pri:0, instance:tests.Tests@cd2dae5] output={null}]
2019-07-30 21:54:18 INFO  TestBase:59 - Closing Browser
2019-07-30 21:54:21 INFO  TestBase:61 - Browser Closed
2019-07-30 21:55:49 INFO  TestBase:32 - Initiate Browser
2019-07-30 21:56:08 INFO  TestBase:38 - Browser Initiated
2019-07-30 21:56:08 INFO  TestBase:49 - Test name: testGenderlInformation
2019-07-30 21:56:10 INFO  TestBase:70 - Executed test case name:testGenderlInformation Execution Results : [TestResult name=testGenderlInformation status=SUCCESS method=Tests.testGenderlInformation()[pri:0, instance:tests.Tests@cd2dae5] output={null}]
2019-07-30 21:56:10 INFO  TestBase:59 - Closing Browser
2019-07-30 21:56:12 INFO  TestBase:61 - Browser Closed
2019-07-30 21:57:14 INFO  TestBase:32 - Initiate Browser
2019-07-30 21:57:25 INFO  TestBase:38 - Browser Initiated
2019-07-30 21:57:25 INFO  TestBase:49 - Test name: testGenderlInformation
2019-07-30 21:57:27 INFO  TestBase:70 - Executed test case name:testGenderlInformation Execution Results : [TestResult name=testGenderlInformation status=SUCCESS method=Tests.testGenderlInformation()[pri:0, instance:tests.Tests@cd2dae5] output={null}]
2019-07-30 21:57:27 INFO  TestBase:59 - Closing Browser
2019-07-30 21:57:30 INFO  TestBase:61 - Browser Closed
2019-07-30 21:59:44 INFO  TestBase:32 - Initiate Browser
2019-07-30 22:00:09 INFO  TestBase:38 - Browser Initiated
2019-07-30 22:00:09 INFO  TestBase:49 - Test name: testGenderlInformation
2019-07-30 22:00:11 INFO  TestBase:70 - Executed test case name:testGenderlInformation Execution Results : [TestResult name=testGenderlInformation status=SUCCESS method=Tests.testGenderlInformation()[pri:0, instance:tests.Tests@cd2dae5] output={null}]
2019-07-30 22:00:11 INFO  TestBase:59 - Closing Browser
2019-07-30 22:00:13 INFO  TestBase:61 - Browser Closed
2019-07-30 22:01:03 INFO  TestBase:32 - Initiate Browser
2019-07-30 22:02:49 INFO  TestBase:32 - Initiate Browser
2019-07-30 22:03:12 INFO  TestBase:38 - Browser Initiated
2019-07-30 22:03:12 INFO  TestBase:49 - Test name: testGenderlInformation
2019-07-30 22:03:14 INFO  TestBase:70 - Executed test case name:testGenderlInformation Execution Results : [TestResult name=testGenderlInformation status=SUCCESS method=Tests.testGenderlInformation()[pri:0, instance:tests.Tests@cd2dae5] output={null}]
2019-07-30 22:03:14 INFO  TestBase:59 - Closing Browser
2019-07-30 22:03:16 INFO  TestBase:61 - Browser Closed
2019-07-30 22:03:49 INFO  TestBase:32 - Initiate Browser
2019-07-30 22:04:26 INFO  TestBase:32 - Initiate Browser
2019-07-30 22:04:57 INFO  TestBase:32 - Initiate Browser
2019-07-30 22:05:53 INFO  TestBase:32 - Initiate Browser
2019-07-30 22:06:17 INFO  TestBase:38 - Browser Initiated
2019-07-30 22:06:17 INFO  TestBase:49 - Test name: testGenderlInformation
2019-07-30 22:06:19 INFO  TestBase:70 - Executed test case name:testGenderlInformation Execution Results : [TestResult name=testGenderlInformation status=SUCCESS method=Tests.testGenderlInformation()[pri:0, instance:tests.Tests@cd2dae5] output={null}]
2019-07-30 22:06:19 INFO  TestBase:59 - Closing Browser
2019-07-30 22:06:22 INFO  TestBase:61 - Browser Closed
2019-07-30 22:15:44 INFO  TestBase:32 - Initiate Browser
2019-07-30 22:17:17 INFO  TestBase:32 - Initiate Browser
2019-07-30 22:18:29 INFO  TestBase:32 - Initiate Browser
2019-07-30 22:19:44 INFO  TestBase:32 - Initiate Browser
2019-07-30 22:21:25 INFO  TestBase:32 - Initiate Browser
2019-07-30 22:21:41 INFO  TestBase:38 - Browser Initiated
2019-07-30 22:21:41 INFO  TestBase:49 - Test name: testGenderlInformation
2019-07-30 22:21:44 INFO  TestBase:70 - Executed test case name:testGenderlInformation Execution Results : [TestResult name=testGenderlInformation status=SUCCESS method=Tests.testGenderlInformation()[pri:0, instance:tests.Tests@cd2dae5] output={null}]
2019-07-30 22:21:44 INFO  TestBase:59 - Closing Browser
2019-07-30 22:21:46 INFO  TestBase:61 - Browser Closed
2019-08-03 23:55:23 INFO  TestBase:32 - Initiate Browser
2019-08-03 23:55:46 INFO  TestBase:38 - Browser Initiated
2019-08-03 23:55:46 INFO  TestBase:49 - Test name: testGenderlInformation
2019-08-03 23:55:49 INFO  TestBase:70 - Executed test case name:testGenderlInformation Execution Results : [TestResult name=testGenderlInformation status=SUCCESS method=Tests.testGenderlInformation()[pri:0, instance:tests.Tests@5be6e01c] output={null}]
2019-08-03 23:55:49 INFO  TestBase:59 - Closing Browser
2019-08-03 23:55:51 INFO  TestBase:61 - Browser Closed
2019-08-04 00:06:01 INFO  TestBase:32 - Initiate Browser
2019-08-04 00:06:19 INFO  TestBase:38 - Browser Initiated
2019-08-04 00:06:19 INFO  TestBase:49 - Test name: testGenderlInformation
2019-08-04 00:06:22 INFO  TestBase:70 - Executed test case name:testGenderlInformation Execution Results : [TestResult name=testGenderlInformation status=SUCCESS method=Tests.testGenderlInformation()[pri:0, instance:tests.Tests@7ce3cb8e] output={null}]
2019-08-04 00:06:22 INFO  TestBase:59 - Closing Browser
2019-08-04 00:06:24 INFO  TestBase:61 - Browser Closed
